[debug] [2020-10-21T22:06:29.467Z] ----------------------------------------------------------------------
[debug] [2020-10-21T22:06:29.468Z] Command:       C:\Program Files\nodejs\node.exe C:\Users\sangm\AppData\Roaming\npm\node_modules\firebase-tools\lib\bin\firebase.js deploy
[debug] [2020-10-21T22:06:29.469Z] CLI Version:   8.12.1
[debug] [2020-10-21T22:06:29.469Z] Platform:      win32
[debug] [2020-10-21T22:06:29.469Z] Node Version:  v12.18.3
[debug] [2020-10-21T22:06:29.469Z] Time:          Wed Oct 21 2020 17:06:29 GMT-0500 (Central Daylight Time)
[debug] [2020-10-21T22:06:29.469Z] ----------------------------------------------------------------------
[debug] [2020-10-21T22:06:29.469Z] 
[debug] [2020-10-21T22:06:29.474Z] > command requires scopes: ["email","openid","https://www.googleapis.com/auth/cloudplatformprojects.readonly","https://www.googleapis.com/auth/firebase","https://www.googleapis.com/auth/cloud-platform"]
[debug] [2020-10-21T22:06:29.475Z] > authorizing via signed-in user
[debug] [2020-10-21T22:06:29.475Z] [iam] checking project group-app-dd274 for permissions ["cloudfunctions.functions.create","cloudfunctions.functions.delete","cloudfunctions.functions.get","cloudfunctions.functions.list","cloudfunctions.functions.update","cloudfunctions.operations.get","firebase.projects.get","firebasedatabase.instances.update","firebasehosting.sites.update"]
[debug] [2020-10-21T22:06:29.477Z] >>> HTTP REQUEST POST https://cloudresourcemanager.googleapis.com/v1/projects/group-app-dd274:testIamPermissions  
 {"permissions":["cloudfunctions.functions.create","cloudfunctions.functions.delete","cloudfunctions.functions.get","cloudfunctions.functions.list","cloudfunctions.functions.update","cloudfunctions.operations.get","firebase.projects.get","firebasedatabase.instances.update","firebasehosting.sites.update"]}
[debug] [2020-10-21T22:06:29.493Z] [iam] error while checking permissions, command may fail: FirebaseError: Server Error. getaddrinfo ENOTFOUND cloudresourcemanager.googleapis.com
[debug] [2020-10-21T22:06:29.494Z] >>> HTTP REQUEST POST https://iam.googleapis.com/v1/projects/group-app-dd274/serviceAccounts/group-app-dd274@appspot.gserviceaccount.com:testIamPermissions  
 {"permissions":["iam.serviceAccounts.actAs"]}
[debug] [2020-10-21T22:06:29.496Z] [functions] service account IAM check errored, deploy may fail: Server Error. getaddrinfo ENOTFOUND iam.googleapis.com {"name":"FirebaseError","children":[],"exit":2,"message":"Server Error. getaddrinfo ENOTFOUND iam.googleapis.com","original":{"errno":"ENOTFOUND","code":"ENOTFOUND","syscall":"getaddrinfo","hostname":"iam.googleapis.com"},"status":500}
[debug] [2020-10-21T22:06:29.498Z] >>> HTTP REQUEST GET https://firebase.googleapis.com/v1beta1/projects/group-app-dd274  
 
[debug] [2020-10-21T22:06:29.501Z] Server Error. getaddrinfo ENOTFOUND firebase.googleapis.com
[debug] [2020-10-21T22:06:29.508Z] FirebaseError: Server Error. getaddrinfo ENOTFOUND firebase.googleapis.com
    at Request._callback (C:\Users\sangm\AppData\Roaming\npm\node_modules\firebase-tools\lib\api.js:32:31)
    at self.callback (C:\Users\sangm\AppData\Roaming\npm\node_modules\firebase-tools\node_modules\request\request.js:185:22)
    at Request.emit (events.js:315:20)
    at Request.EventEmitter.emit (domain.js:483:12)
    at Request.onRequestError (C:\Users\sangm\AppData\Roaming\npm\node_modules\firebase-tools\node_modules\request\request.js:877:8)
    at ClientRequest.emit (events.js:327:22)
    at ClientRequest.EventEmitter.emit (domain.js:483:12)
    at TLSSocket.socketErrorListener (_http_client.js:426:9)
    at TLSSocket.emit (events.js:315:20)
    at TLSSocket.EventEmitter.emit (domain.js:483:12)
    at emitErrorNT (internal/streams/destroy.js:92:8)
    at emitErrorAndCloseNT (internal/streams/destroy.js:60:3)
    at processTicksAndRejections (internal/process/task_queues.js:84:21)
[error] 
[error] Error: Failed to get Firebase project group-app-dd274. Please make sure the project exists and your account has permission to access it.
