[debug] [2020-09-26T05:04:42.372Z] ----------------------------------------------------------------------
[debug] [2020-09-26T05:04:42.373Z] Command:       C:\Program Files\nodejs\node.exe C:\Users\sangm\AppData\Roaming\npm\node_modules\firebase-tools\lib\bin\firebase.js deploy
[debug] [2020-09-26T05:04:42.373Z] CLI Version:   8.11.2
[debug] [2020-09-26T05:04:42.374Z] Platform:      win32
[debug] [2020-09-26T05:04:42.374Z] Node Version:  v12.18.3
[debug] [2020-09-26T05:04:42.374Z] Time:          Sat Sep 26 2020 00:04:42 GMT-0500 (Central Daylight Time)
[debug] [2020-09-26T05:04:42.374Z] ----------------------------------------------------------------------
[debug] [2020-09-26T05:04:42.374Z] 
[debug] [2020-09-26T05:04:42.380Z] > command requires scopes: ["email","openid","https://www.googleapis.com/auth/cloudplatformprojects.readonly","https://www.googleapis.com/auth/firebase","https://www.googleapis.com/auth/cloud-platform"]
[debug] [2020-09-26T05:04:42.381Z] > authorizing via signed-in user
[debug] [2020-09-26T05:04:42.381Z] [iam] checking project group-app-dd274 for permissions ["cloudfunctions.functions.create","cloudfunctions.functions.delete","cloudfunctions.functions.get","cloudfunctions.functions.list","cloudfunctions.functions.update","cloudfunctions.operations.get","firebase.projects.get","firebasedatabase.instances.update"]
[debug] [2020-09-26T05:04:42.383Z] >>> HTTP REQUEST POST https://cloudresourcemanager.googleapis.com/v1/projects/group-app-dd274:testIamPermissions  
 {"permissions":["cloudfunctions.functions.create","cloudfunctions.functions.delete","cloudfunctions.functions.get","cloudfunctions.functions.list","cloudfunctions.functions.update","cloudfunctions.operations.get","firebase.projects.get","firebasedatabase.instances.update"]}
[debug] [2020-09-26T05:04:42.523Z] <<< HTTP RESPONSE 200 {"content-type":"application/json; charset=UTF-8","vary":"X-Origin, Referer, Origin,Accept-Encoding","date":"Sat, 26 Sep 2020 05:04:43 GMT","server":"ESF","cache-control":"private","x-xss-protection":"0","x-frame-options":"SAMEORIGIN","x-content-type-options":"nosniff","server-timing":"gfet4t7; dur=56","alt-svc":"h3-Q050=\":443\"; ma=2592000,h3-29=\":443\"; ma=2592000,h3-27=\":443\"; ma=2592000,h3-T051=\":443\"; ma=2592000,h3-T050=\":443\"; ma=2592000,h3-Q046=\":443\"; ma=2592000,h3-Q043=\":443\"; ma=2592000,quic=\":443\"; ma=2592000; v=\"46,43\"","accept-ranges":"none","transfer-encoding":"chunked"}
[debug] [2020-09-26T05:04:42.524Z] >>> HTTP REQUEST POST https://iam.googleapis.com/v1/projects/group-app-dd274/serviceAccounts/group-app-dd274@appspot.gserviceaccount.com:testIamPermissions  
 {"permissions":["iam.serviceAccounts.actAs"]}
[debug] [2020-09-26T05:04:42.800Z] <<< HTTP RESPONSE 200 {"content-type":"application/json; charset=UTF-8","vary":"X-Origin, Referer, Origin,Accept-Encoding","date":"Sat, 26 Sep 2020 05:04:43 GMT","server":"ESF","cache-control":"private","x-xss-protection":"0","x-frame-options":"SAMEORIGIN","x-content-type-options":"nosniff","alt-svc":"h3-Q050=\":443\"; ma=2592000,h3-29=\":443\"; ma=2592000,h3-27=\":443\"; ma=2592000,h3-T051=\":443\"; ma=2592000,h3-T050=\":443\"; ma=2592000,h3-Q046=\":443\"; ma=2592000,h3-Q043=\":443\"; ma=2592000,quic=\":443\"; ma=2592000; v=\"46,43\"","accept-ranges":"none","transfer-encoding":"chunked"}
[debug] [2020-09-26T05:04:42.800Z] >>> HTTP REQUEST GET https://firebase.googleapis.com/v1beta1/projects/group-app-dd274  
 
[debug] [2020-09-26T05:04:42.994Z] <<< HTTP RESPONSE 200 {"content-type":"application/json; charset=UTF-8","vary":"X-Origin, Referer, Origin,Accept-Encoding","date":"Sat, 26 Sep 2020 05:04:43 GMT","server":"ESF","cache-control":"private","x-xss-protection":"0","x-frame-options":"SAMEORIGIN","x-content-type-options":"nosniff","alt-svc":"h3-Q050=\":443\"; ma=2592000,h3-29=\":443\"; ma=2592000,h3-27=\":443\"; ma=2592000,h3-T051=\":443\"; ma=2592000,h3-T050=\":443\"; ma=2592000,h3-Q046=\":443\"; ma=2592000,h3-Q043=\":443\"; ma=2592000,quic=\":443\"; ma=2592000; v=\"46,43\"","accept-ranges":"none","transfer-encoding":"chunked"}
[info] 
[info] === Deploying to 'group-app-dd274'...
[info] 
[info] i  deploying database, functions 
[info] Running command: npm --prefix "$RESOURCE_DIR" run build
[info] +  functions: Finished running predeploy script. 
[info] i  database: checking rules syntax... 
[debug] [2020-09-26T05:04:48.277Z] >>> HTTP REQUEST PUT https://group-app-dd274.firebaseio.com/.settings/rules.json?dryRun=true  
 {
  /* Visit https://firebase.google.com/docs/database/security to learn more about security rules. */
  "rules": {
    ".read": false,
    ".write": false
  }
}
[debug] [2020-09-26T05:04:48.441Z] <<< HTTP RESPONSE 200 {"server":"nginx","date":"Sat, 26 Sep 2020 05:04:48 GMT","content-type":"application/json; charset=utf-8","content-length":"15","connection":"keep-alive","access-control-allow-origin":"*","cache-control":"no-cache","strict-transport-security":"max-age=31556926; includeSubDomains; preload"}
[info] +  database: rules syntax for database group-app-dd274 is valid 
[debug] [2020-09-26T05:04:48.443Z] > [functions] package.json contents: {
  "name": "functions",
  "scripts": {
    "build": "tsc",
    "serve": "npm run build && firebase emulators:start --only functions",
    "shell": "npm run build && firebase functions:shell",
    "start": "npm run shell",
    "deploy": "firebase deploy --only functions",
    "logs": "firebase functions:log"
  },
  "engines": {
    "node": "10"
  },
  "main": "lib/index.js",
  "dependencies": {
    "firebase-admin": "^8.10.0",
    "firebase-functions": "^3.6.1"
  },
  "devDependencies": {
    "typescript": "^3.8.0",
    "firebase-functions-test": "^0.2.0"
  },
  "private": true
}
[info] i  functions: ensuring required API cloudfunctions.googleapis.com is enabled... 
[info] i  functions: ensuring required API cloudbuild.googleapis.com is enabled... 
[debug] [2020-09-26T05:04:49.483Z] >>> HTTP REQUEST GET https://serviceusage.googleapis.com/v1/projects/group-app-dd274/services/cloudfunctions.googleapis.com  
 
[debug] [2020-09-26T05:04:49.483Z] >>> HTTP REQUEST GET https://serviceusage.googleapis.com/v1/projects/group-app-dd274/services/runtimeconfig.googleapis.com  
 
[debug] [2020-09-26T05:04:49.483Z] >>> HTTP REQUEST GET https://serviceusage.googleapis.com/v1/projects/group-app-dd274/services/cloudbuild.googleapis.com  
 
[debug] [2020-09-26T05:04:49.719Z] <<< HTTP RESPONSE 200 {"content-type":"application/json; charset=UTF-8","vary":"X-Origin, Referer, Origin,Accept-Encoding","date":"Sat, 26 Sep 2020 05:04:50 GMT","server":"ESF","cache-control":"private","x-xss-protection":"0","x-frame-options":"SAMEORIGIN","x-content-type-options":"nosniff","alt-svc":"h3-Q050=\":443\"; ma=2592000,h3-29=\":443\"; ma=2592000,h3-27=\":443\"; ma=2592000,h3-T051=\":443\"; ma=2592000,h3-T050=\":443\"; ma=2592000,h3-Q046=\":443\"; ma=2592000,h3-Q043=\":443\"; ma=2592000,quic=\":443\"; ma=2592000; v=\"46,43\"","accept-ranges":"none","transfer-encoding":"chunked"}
[info] +  functions: required API cloudbuild.googleapis.com is enabled 
[debug] [2020-09-26T05:04:49.729Z] <<< HTTP RESPONSE 200 {"content-type":"application/json; charset=UTF-8","vary":"X-Origin, Referer, Origin,Accept-Encoding","date":"Sat, 26 Sep 2020 05:04:50 GMT","server":"ESF","cache-control":"private","x-xss-protection":"0","x-frame-options":"SAMEORIGIN","x-content-type-options":"nosniff","alt-svc":"h3-Q050=\":443\"; ma=2592000,h3-29=\":443\"; ma=2592000,h3-27=\":443\"; ma=2592000,h3-T051=\":443\"; ma=2592000,h3-T050=\":443\"; ma=2592000,h3-Q046=\":443\"; ma=2592000,h3-Q043=\":443\"; ma=2592000,quic=\":443\"; ma=2592000; v=\"46,43\"","accept-ranges":"none","transfer-encoding":"chunked"}
[debug] [2020-09-26T05:04:49.745Z] <<< HTTP RESPONSE 200 {"content-type":"application/json; charset=UTF-8","vary":"X-Origin, Referer, Origin,Accept-Encoding","date":"Sat, 26 Sep 2020 05:04:50 GMT","server":"ESF","cache-control":"private","x-xss-protection":"0","x-frame-options":"SAMEORIGIN","x-content-type-options":"nosniff","alt-svc":"h3-Q050=\":443\"; ma=2592000,h3-29=\":443\"; ma=2592000,h3-27=\":443\"; ma=2592000,h3-T051=\":443\"; ma=2592000,h3-T050=\":443\"; ma=2592000,h3-Q046=\":443\"; ma=2592000,h3-Q043=\":443\"; ma=2592000,quic=\":443\"; ma=2592000; v=\"46,43\"","accept-ranges":"none","transfer-encoding":"chunked"}
[info] +  functions: required API cloudfunctions.googleapis.com is enabled 
[debug] [2020-09-26T05:04:49.745Z] >>> HTTP REQUEST GET https://firebase.googleapis.com/v1beta1/projects/group-app-dd274/adminSdkConfig  
 
[debug] [2020-09-26T05:04:49.938Z] <<< HTTP RESPONSE 200 {"content-type":"application/json; charset=UTF-8","vary":"X-Origin, Referer, Origin,Accept-Encoding","date":"Sat, 26 Sep 2020 05:04:50 GMT","server":"ESF","cache-control":"private","x-xss-protection":"0","x-frame-options":"SAMEORIGIN","x-content-type-options":"nosniff","alt-svc":"h3-Q050=\":443\"; ma=2592000,h3-29=\":443\"; ma=2592000,h3-27=\":443\"; ma=2592000,h3-T051=\":443\"; ma=2592000,h3-T050=\":443\"; ma=2592000,h3-Q046=\":443\"; ma=2592000,h3-Q043=\":443\"; ma=2592000,quic=\":443\"; ma=2592000; v=\"46,43\"","accept-ranges":"none","transfer-encoding":"chunked"}
[info] i  functions: preparing functions directory for uploading... 
[debug] [2020-09-26T05:04:49.939Z] >>> HTTP REQUEST GET https://runtimeconfig.googleapis.com/v1beta1/projects/group-app-dd274/configs  
 
[debug] [2020-09-26T05:04:50.110Z] <<< HTTP RESPONSE 200 {"content-type":"application/json; charset=UTF-8","vary":"X-Origin, Referer, Origin,Accept-Encoding","date":"Sat, 26 Sep 2020 05:04:50 GMT","server":"ESF","cache-control":"private","x-xss-protection":"0","x-frame-options":"SAMEORIGIN","x-content-type-options":"nosniff","alt-svc":"h3-Q050=\":443\"; ma=2592000,h3-29=\":443\"; ma=2592000,h3-27=\":443\"; ma=2592000,h3-T051=\":443\"; ma=2592000,h3-T050=\":443\"; ma=2592000,h3-Q046=\":443\"; ma=2592000,h3-Q043=\":443\"; ma=2592000,quic=\":443\"; ma=2592000; v=\"46,43\"","accept-ranges":"none","transfer-encoding":"chunked"}
[info] i  functions: packaged functions (28.25 KB) for uploading 
[debug] [2020-09-26T05:04:50.230Z] >>> HTTP REQUEST GET https://cloudfunctions.googleapis.com/v1/projects/group-app-dd274/locations/-/functions  
 
[debug] [2020-09-26T05:04:50.684Z] <<< HTTP RESPONSE 200 {"content-type":"application/json; charset=UTF-8","vary":"X-Origin, Referer, Origin,Accept-Encoding","date":"Sat, 26 Sep 2020 05:04:51 GMT","server":"ESF","cache-control":"private","x-xss-protection":"0","x-frame-options":"SAMEORIGIN","x-content-type-options":"nosniff","alt-svc":"h3-Q050=\":443\"; ma=2592000,h3-29=\":443\"; ma=2592000,h3-27=\":443\"; ma=2592000,h3-T051=\":443\"; ma=2592000,h3-T050=\":443\"; ma=2592000,h3-Q046=\":443\"; ma=2592000,h3-Q043=\":443\"; ma=2592000,quic=\":443\"; ma=2592000; v=\"46,43\"","accept-ranges":"none","transfer-encoding":"chunked"}
[debug] [2020-09-26T05:04:50.685Z] >>> HTTP REQUEST POST https://cloudfunctions.googleapis.com/v1/projects/group-app-dd274/locations/us-central1/functions:generateUploadUrl  
 
[debug] [2020-09-26T05:04:51.060Z] <<< HTTP RESPONSE 200 {"content-type":"application/json; charset=UTF-8","vary":"X-Origin, Referer, Origin,Accept-Encoding","date":"Sat, 26 Sep 2020 05:04:51 GMT","server":"ESF","cache-control":"private","x-xss-protection":"0","x-frame-options":"SAMEORIGIN","x-content-type-options":"nosniff","alt-svc":"h3-Q050=\":443\"; ma=2592000,h3-29=\":443\"; ma=2592000,h3-27=\":443\"; ma=2592000,h3-T051=\":443\"; ma=2592000,h3-T050=\":443\"; ma=2592000,h3-Q046=\":443\"; ma=2592000,h3-Q043=\":443\"; ma=2592000,quic=\":443\"; ma=2592000; v=\"46,43\"","accept-ranges":"none","transfer-encoding":"chunked"}
[debug] [2020-09-26T05:04:51.061Z] >>> HTTP REQUEST PUT https://storage.googleapis.com/gcf-upload-us-central1-fe82eb98-23ff-4547-869a-cf341f46f9da/b17f91a5-48a1-49ba-aa56-b47927df7d21.zip?GoogleAccessId=service-642733129200@gcf-admin-robot.iam.gserviceaccount.com&Expires=1601098491&Signature=YVJDfzw8s%2F%2FW3D%2FnjcqHdaUBL4yKY674EWJWT45YJWtyfrET7r9eQIiYqIL1wpZSqoRhJkn22qSebND2JMvgRYdOZfa0oV%2B220I%2F0ALnSI0fsYlLaddBgsDTwZRP5kuT%2Fdv02%2BcklyZ3kgiDa0OYO3oqOJcR2nDscq6eM4KULHxY%2FlooVCjEFPwIlzIzPBO%2BCkE893YfbvADcfbePShZH4OWySo5bvnFDMA1MDG7fFqYr5dYf5fJ7rwzimZ%2BVKa9%2FbLLR5Gg%2BGndlbIQ19wSiwv3HgS9njO8I8lOb0pJlVvAjTy0BNw6sRmwlFBtjbn%2BWpelCWVBEKzEcui%2BPa%2F0Cw%3D%3D  
 <request body omitted>
[debug] [2020-09-26T05:04:51.251Z] <<< HTTP RESPONSE 200 {"x-guploader-uploadid":"ABg5-Uw6Lkwp2O1ehE1-_ebv-1NJKQu-_WYnQMvWbPYJHKFKwtOvS8jnr2NJBGf_y_OBIvt-5yJf4rIULXmu1gzgSjQ6hYGKtQ","etag":"\"209bc2541938107d7f043b225f055e8a\"","x-goog-generation":"1601096691743679","x-goog-metageneration":"1","x-goog-hash":"crc32c=inBXkg==, md5=IJvCVBk4EH1/BDsiXwVeig==","x-goog-stored-content-length":"28930","x-goog-stored-content-encoding":"identity","vary":"Origin","content-length":"0","date":"Sat, 26 Sep 2020 05:04:51 GMT","server":"UploadServer","content-type":"text/html; charset=UTF-8","alt-svc":"h3-Q050=\":443\"; ma=2592000,h3-29=\":443\"; ma=2592000,h3-27=\":443\"; ma=2592000,h3-T051=\":443\"; ma=2592000,h3-T050=\":443\"; ma=2592000,h3-Q046=\":443\"; ma=2592000,h3-Q043=\":443\"; ma=2592000,quic=\":443\"; ma=2592000; v=\"46,43\""}
[info] +  functions: functions folder uploaded successfully 
[info] i  database: releasing rules... 
[debug] [2020-09-26T05:04:51.253Z] >>> HTTP REQUEST PUT https://group-app-dd274.firebaseio.com/.settings/rules.json  
 {
  /* Visit https://firebase.google.com/docs/database/security to learn more about security rules. */
  "rules": {
    ".read": false,
    ".write": false
  }
}
[debug] [2020-09-26T05:04:51.537Z] <<< HTTP RESPONSE 200 {"server":"nginx","date":"Sat, 26 Sep 2020 05:04:52 GMT","content-type":"application/json; charset=utf-8","content-length":"15","connection":"keep-alive","access-control-allow-origin":"*","cache-control":"no-cache","strict-transport-security":"max-age=31556926; includeSubDomains; preload"}
[info] +  database: rules for database group-app-dd274 released successfully 
[info] i  functions: updating Node.js 10 function helloWorld(us-central1)... 
[debug] [2020-09-26T05:04:51.539Z] Trigger is:  {"httpsTrigger":{}}
[debug] [2020-09-26T05:04:51.540Z] >>> HTTP REQUEST PATCH https://cloudfunctions.googleapis.com/v1/projects/group-app-dd274/locations/us-central1/functions/helloWorld {"updateMask":"sourceUploadUrl,name,labels,runtime,environmentVariables,httpsTrigger"} 
 {"sourceUploadUrl":"https://storage.googleapis.com/gcf-upload-us-central1-fe82eb98-23ff-4547-869a-cf341f46f9da/b17f91a5-48a1-49ba-aa56-b47927df7d21.zip?GoogleAccessId=service-642733129200@gcf-admin-robot.iam.gserviceaccount.com&Expires=1601098491&Signature=YVJDfzw8s%2F%2FW3D%2FnjcqHdaUBL4yKY674EWJWT45YJWtyfrET7r9eQIiYqIL1wpZSqoRhJkn22qSebND2JMvgRYdOZfa0oV%2B220I%2F0ALnSI0fsYlLaddBgsDTwZRP5kuT%2Fdv02%2BcklyZ3kgiDa0OYO3oqOJcR2nDscq6eM4KULHxY%2FlooVCjEFPwIlzIzPBO%2BCkE893YfbvADcfbePShZH4OWySo5bvnFDMA1MDG7fFqYr5dYf5fJ7rwzimZ%2BVKa9%2FbLLR5Gg%2BGndlbIQ19wSiwv3HgS9njO8I8lOb0pJlVvAjTy0BNw6sRmwlFBtjbn%2BWpelCWVBEKzEcui%2BPa%2F0Cw%3D%3D","name":"projects/group-app-dd274/locations/us-central1/functions/helloWorld","labels":{"deployment-tool":"cli-firebase"},"httpsTrigger":{},"runtime":"nodejs10","environmentVariables":{"FIREBASE_CONFIG":"{\"projectId\":\"group-app-dd274\",\"databaseURL\":\"https://group-app-dd274.firebaseio.com\",\"storageBucket\":\"group-app-dd274.appspot.com\"}"}}
[debug] [2020-09-26T05:04:52.054Z] <<< HTTP RESPONSE 200 {"content-type":"application/json; charset=UTF-8","vary":"X-Origin, Referer, Origin,Accept-Encoding","date":"Sat, 26 Sep 2020 05:04:52 GMT","server":"ESF","cache-control":"private","x-xss-protection":"0","x-frame-options":"SAMEORIGIN","x-content-type-options":"nosniff","alt-svc":"h3-Q050=\":443\"; ma=2592000,h3-29=\":443\"; ma=2592000,h3-27=\":443\"; ma=2592000,h3-T051=\":443\"; ma=2592000,h3-T050=\":443\"; ma=2592000,h3-Q046=\":443\"; ma=2592000,h3-Q043=\":443\"; ma=2592000,quic=\":443\"; ma=2592000; v=\"46,43\"","accept-ranges":"none","transfer-encoding":"chunked"}
[debug] [2020-09-26T05:04:52.055Z] >>> HTTP REQUEST GET https://cloudfunctions.googleapis.com/v1/projects/group-app-dd274/locations/-/functions  
 
[debug] [2020-09-26T05:04:52.504Z] <<< HTTP RESPONSE 200 {"content-type":"application/json; charset=UTF-8","vary":"X-Origin, Referer, Origin,Accept-Encoding","date":"Sat, 26 Sep 2020 05:04:52 GMT","server":"ESF","cache-control":"private","x-xss-protection":"0","x-frame-options":"SAMEORIGIN","x-content-type-options":"nosniff","alt-svc":"h3-Q050=\":443\"; ma=2592000,h3-29=\":443\"; ma=2592000,h3-27=\":443\"; ma=2592000,h3-T051=\":443\"; ma=2592000,h3-T050=\":443\"; ma=2592000,h3-Q046=\":443\"; ma=2592000,h3-Q043=\":443\"; ma=2592000,quic=\":443\"; ma=2592000; v=\"46,43\"","accept-ranges":"none","transfer-encoding":"chunked"}
[debug] [2020-09-26T05:04:52.505Z] >>> HTTP REQUEST GET https://cloudfunctions.googleapis.com/v1/operations/Z3JvdXAtYXBwLWRkMjc0L3VzLWNlbnRyYWwxL2hlbGxvV29ybGQvSTR1NTR3TUdqbDQ  
 
[debug] [2020-09-26T05:04:52.667Z] <<< HTTP RESPONSE 200 {"content-type":"application/json; charset=UTF-8","vary":"X-Origin, Referer, Origin,Accept-Encoding","date":"Sat, 26 Sep 2020 05:04:53 GMT","server":"ESF","cache-control":"private","x-xss-protection":"0","x-frame-options":"SAMEORIGIN","x-content-type-options":"nosniff","alt-svc":"h3-Q050=\":443\"; ma=2592000,h3-29=\":443\"; ma=2592000,h3-27=\":443\"; ma=2592000,h3-T051=\":443\"; ma=2592000,h3-T050=\":443\"; ma=2592000,h3-Q046=\":443\"; ma=2592000,h3-Q043=\":443\"; ma=2592000,quic=\":443\"; ma=2592000; v=\"46,43\"","accept-ranges":"none","transfer-encoding":"chunked"}
[debug] [2020-09-26T05:04:54.677Z] >>> HTTP REQUEST GET https://cloudfunctions.googleapis.com/v1/operations/Z3JvdXAtYXBwLWRkMjc0L3VzLWNlbnRyYWwxL2hlbGxvV29ybGQvSTR1NTR3TUdqbDQ  
 
[debug] [2020-09-26T05:04:54.838Z] <<< HTTP RESPONSE 200 {"content-type":"application/json; charset=UTF-8","vary":"X-Origin, Referer, Origin,Accept-Encoding","date":"Sat, 26 Sep 2020 05:04:55 GMT","server":"ESF","cache-control":"private","x-xss-protection":"0","x-frame-options":"SAMEORIGIN","x-content-type-options":"nosniff","alt-svc":"h3-Q050=\":443\"; ma=2592000,h3-29=\":443\"; ma=2592000,h3-27=\":443\"; ma=2592000,h3-T051=\":443\"; ma=2592000,h3-T050=\":443\"; ma=2592000,h3-Q046=\":443\"; ma=2592000,h3-Q043=\":443\"; ma=2592000,quic=\":443\"; ma=2592000; v=\"46,43\"","accept-ranges":"none","transfer-encoding":"chunked"}
